nohup: ignoring input
--2024-01-20 08:42:38--  https://rest.kegg.jp/list/apg
Resolving rest.kegg.jp (rest.kegg.jp)... 133.103.200.27
Connecting to rest.kegg.jp (rest.kegg.jp)|133.103.200.27|:443... connected.
HTTP request sent, awaiting response... 200 OK
Length: unspecified [text/plain]
Saving to: ‘kegg/apg.txt’

     0K .......... .......... .......... .......... .......... 79.2K
    50K .......... .......... .......... .......... ..........  316K
   100K .......... .......... .......... .......... ..........  317K
   150K .......... .......... .......... .......... ..........  255K
   200K .......... .......... ..                                151M=1.1s

2024-01-20 08:42:40 (194 KB/s) - ‘kegg/apg.txt’ saved [227430]

--2024-01-20 09:52:36--  https://rest.kegg.jp/list/apq
Resolving rest.kegg.jp (rest.kegg.jp)... 133.103.200.27
Connecting to rest.kegg.jp (rest.kegg.jp)|133.103.200.27|:443... connected.
HTTP request sent, awaiting response... 200 OK
Length: unspecified [text/plain]
Saving to: ‘kegg/apq.txt’

     0K .......... .......... .......... .......... ..........  103K
    50K .......... .......... .......... .......... ..........  244K
   100K .......... .......... .......... .......... ..........  178K
   150K .......... .......... .......... .......... ..........  309K
   200K .......... .......... ..                               73.9M=1.1s

2024-01-20 09:52:38 (196 KB/s) - ‘kegg/apq.txt’ saved [227499]

--2024-01-20 11:02:28--  https://rest.kegg.jp/list/apx
Resolving rest.kegg.jp (rest.kegg.jp)... 133.103.200.27
Connecting to rest.kegg.jp (rest.kegg.jp)|133.103.200.27|:443... connected.
HTTP request sent, awaiting response... 200 OK
Length: unspecified [text/plain]
Saving to: ‘kegg/apx.txt’

     0K .......... .......... .......... .......... .......... 79.3K
    50K .......... .......... .......... .......... ..........  317K
   100K .......... .......... .......... .......... ..........  317K
   150K .......... .......... .......... .......... ..........  318K
   200K .......... .......... ..                                232K=1.2s

2024-01-20 11:02:30 (185 KB/s) - ‘kegg/apx.txt’ saved [227509]

--2024-01-20 12:12:23--  https://rest.kegg.jp/list/apz
Resolving rest.kegg.jp (rest.kegg.jp)... 133.103.200.27
Connecting to rest.kegg.jp (rest.kegg.jp)|133.103.200.27|:443... connected.
HTTP request sent, awaiting response... 200 OK
Length: unspecified [text/plain]
Saving to: ‘kegg/apz.txt’

     0K .......... .......... .......... .......... .......... 97.1K
    50K .......... .......... .......... .......... ..........  183K
   100K .......... .......... .......... .......... ..........  251K
   150K .......... .......... .......... .......... ..........  318K
   200K .......... .......... ..                                190K=1.3s

2024-01-20 12:12:26 (176 KB/s) - ‘kegg/apz.txt’ saved [227414]

--2024-01-20 13:22:15--  https://rest.kegg.jp/list/aper
Resolving rest.kegg.jp (rest.kegg.jp)... 133.103.200.27
Connecting to rest.kegg.jp (rest.kegg.jp)|133.103.200.27|:443... connected.
HTTP request sent, awaiting response... 200 OK
Length: unspecified [text/plain]
Saving to: ‘kegg/aper.txt’

     0K .......... .......... .......... .......... .......... 79.3K
    50K .......... .......... .......... .......... ..........  159K
   100K .......... .......... .......... .......... ..........  317K
   150K .......... .......... .......... .......... ..........  318K
   200K .......... .......... .........                        56.9M=1.3s

2024-01-20 13:22:17 (182 KB/s) - ‘kegg/aper.txt’ saved [234807]

--2024-01-20 14:39:00--  https://rest.kegg.jp/list/asz
Resolving rest.kegg.jp (rest.kegg.jp)... 133.103.200.27
Connecting to rest.kegg.jp (rest.kegg.jp)|133.103.200.27|:443... connected.
HTTP request sent, awaiting response... 200 OK
Length: unspecified [text/plain]
Saving to: ‘kegg/asz.txt’

     0K .......... .......... .......... .......... .......... 79.3K
    50K .......... .......... .......... .......... ..........  317K
   100K .......... .......... .......... .......... ..........  317K
   150K .......... .......... .......... .......... ..........  317K
   200K .......... .......... .......... .......... ..........  318K
   250K .......... ..........                                  59.0M=1.3s

2024-01-20 14:39:02 (214 KB/s) - ‘kegg/asz.txt’ saved [276525]

--2024-01-20 16:01:06--  https://rest.kegg.jp/list/asv
Resolving rest.kegg.jp (rest.kegg.jp)... 133.103.200.27
Connecting to rest.kegg.jp (rest.kegg.jp)|133.103.200.27|:443... connected.
HTTP request sent, awaiting response... 200 OK
Length: unspecified [text/plain]
Saving to: ‘kegg/asv.txt’

     0K .......... .......... .......... .......... .......... 77.0K
    50K .......... .......... .......... .......... ..........  309K
   100K .......... .......... .......... .......... ..........  308K
   150K .......... .......... .......... .......... .          1.01M=1.0s

2024-01-20 16:01:08 (189 KB/s) - ‘kegg/asv.txt’ saved [195885]

--2024-01-20 17:07:20--  https://rest.kegg.jp/list/awo
Resolving rest.kegg.jp (rest.kegg.jp)... 133.103.200.27
Connecting to rest.kegg.jp (rest.kegg.jp)|133.103.200.27|:443... connected.
HTTP request sent, awaiting response... 200 OK
Length: unspecified [text/plain]
Saving to: ‘kegg/awo.txt’

     0K .......... .......... .......... .......... ..........  103K
    50K .......... .......... .......... .......... ..........  248K
   100K .......... .......... .......... .......... ..........  309K
   150K .......... .......... .......... .......... ..........  308K
   200K .......... .......... .......... .......... ..........  407K
   250K .......... ......                                       431K=1.2s

2024-01-20 17:07:22 (227 KB/s) - ‘kegg/awo.txt’ saved [273240]

--2024-01-20 18:26:57--  https://rest.kegg.jp/list/aar
Resolving rest.kegg.jp (rest.kegg.jp)... 133.103.200.27
Connecting to rest.kegg.jp (rest.kegg.jp)|133.103.200.27|:443... connected.
HTTP request sent, awaiting response... 200 OK
Length: unspecified [text/plain]
Saving to: ‘kegg/aar.txt’

     0K .......... .......... .......... .......... ..........  106K
    50K .......... .......... .......... .......... ..........  317K
   100K .......... .......... .......... .......... ..........  318K
   150K .......... .......... .....                             163K=0.9s

2024-01-20 18:26:58 (186 KB/s) - ‘kegg/aar.txt’ saved [179723]

--2024-01-20 19:21:28--  https://rest.kegg.jp/list/amo
Resolving rest.kegg.jp (rest.kegg.jp)... 133.103.200.27
Connecting to rest.kegg.jp (rest.kegg.jp)|133.103.200.27|:443... connected.
HTTP request sent, awaiting response... 200 OK
Length: unspecified [text/plain]
Saving to: ‘kegg/amo.txt’

     0K .......... .......... .......... .......... .......... 77.1K
    50K .......... .......... .......... .......... ..........  308K
   100K .......... .......... .......... .......... ..........  309K
   150K .......... .                                            121M=1.0s

2024-01-20 19:21:29 (166 KB/s) - ‘kegg/amo.txt’ saved [165179]

--2024-01-20 20:08:38--  https://rest.kegg.jp/list/abra
Resolving rest.kegg.jp (rest.kegg.jp)... 133.103.200.27
Connecting to rest.kegg.jp (rest.kegg.jp)|133.103.200.27|:443... connected.
HTTP request sent, awaiting response... 200 OK
Length: unspecified [text/plain]
Saving to: ‘kegg/abra.txt’

     0K .......... .......... .......... .......... .......... 79.3K
    50K .......... .......... .......... .......... ..........  317K
   100K .......... .......... .......... ....                   847K=0.8s

2024-01-20 20:08:40 (163 KB/s) - ‘kegg/abra.txt’ saved [138158]

--2024-01-20 20:48:03--  https://rest.kegg.jp/list/acl
Resolving rest.kegg.jp (rest.kegg.jp)... 133.103.200.27
Connecting to rest.kegg.jp (rest.kegg.jp)|133.103.200.27|:443... connected.
HTTP request sent, awaiting response... 200 OK
Length: unspecified [text/plain]
Saving to: ‘kegg/acl.txt’

     0K .......... .......... .......... .......... ..........  106K
    50K .......... .......... .......... .......... ..........  317K
   100K ...                                                    61.5M=0.6s

2024-01-20 20:48:04 (163 KB/s) - ‘kegg/acl.txt’ saved [105642]

--2024-01-20 21:20:06--  https://rest.kegg.jp/list/aoc
Resolving rest.kegg.jp (rest.kegg.jp)... 133.103.200.27
Connecting to rest.kegg.jp (rest.kegg.jp)|133.103.200.27|:443... connected.
HTTP request sent, awaiting response... 200 OK
Length: unspecified [text/plain]
Saving to: ‘kegg/aoc.txt’

     0K .......... .......... .......... .......... .......... 77.0K
    50K .......... .......... .......... .......... ..........  308K
   100K .......... ......                                      35.2M=0.8s

2024-01-20 21:20:08 (143 KB/s) - ‘kegg/aoc.txt’ saved [119280]

--2024-01-20 21:53:53--  https://rest.kegg.jp/list/apal
Resolving rest.kegg.jp (rest.kegg.jp)... 133.103.200.27
Connecting to rest.kegg.jp (rest.kegg.jp)|133.103.200.27|:443... connected.
HTTP request sent, awaiting response... 200 OK
Length: unspecified [text/plain]
Saving to: ‘kegg/apal.txt’

     0K .......... .......... .......... .......... ..........  103K
    50K .......... .......... .......... .......... ..........  308K
   100K .......... .                                            111M=0.6s

2024-01-20 21:53:55 (171 KB/s) - ‘kegg/apal.txt’ saved [114030]

--2024-01-20 22:27:02--  https://rest.kegg.jp/list/adt
Resolving rest.kegg.jp (rest.kegg.jp)... 133.103.200.27
Connecting to rest.kegg.jp (rest.kegg.jp)|133.103.200.27|:443... connected.
HTTP request sent, awaiting response... 200 OK
Length: unspecified [text/plain]
Saving to: ‘kegg/adt.txt’

     0K .......... .......... .......... .......... .......... 77.1K
    50K .......... .......... .......... .......... ..........  308K
   100K .......... .......... .......... .......... ..........  308K
   150K .......... .......... .......... .......... ..........  309K
   200K .......... .......... .......... .......... ..........  308K
   250K .......... .......... .......... .......... ..........  309K
   300K .......... .......... .......... .......... .......... 1.20M
   350K .......... .......... .......... .                      260K=1.6s

2024-01-20 22:27:04 (235 KB/s) - ‘kegg/adt.txt’ saved [390834]

--2024-01-21 00:31:47--  https://rest.kegg.jp/list/ais
Resolving rest.kegg.jp (rest.kegg.jp)... 133.103.200.27
Connecting to rest.kegg.jp (rest.kegg.jp)|133.103.200.27|:443... connected.
HTTP request sent, awaiting response... 200 OK
Length: unspecified [text/plain]
Saving to: ‘kegg/ais.txt’

     0K .......... .......... .......... .......... ..........  103K
    50K .......... .......... .......... .......... ..........  309K
   100K .......... .......... .......... .......... ..........  308K
   150K .......... .......... .......... .......... ..........  309K
   200K .......... .......... .......... .......... ..........  309K
   250K .......... .......... .......... .......... .......... 1.19M
   300K .......... .......... .......... .......... ..........  408K
   350K .......... .......... .......... .......... ..........  309K
   400K .......... ......                                       148M=1.5s

2024-01-21 00:31:50 (286 KB/s) - ‘kegg/ais.txt’ saved [426994]

extract_organism_sequence.sh: 14: echo: echo: I/O error
extract_organism_sequence.sh: 14: echo: echo: I/O error
extract_organism_sequence.sh: 15: echo: echo: I/O error
extract_organism_sequence.sh: 14: echo: echo: I/O error
extract_organism_sequence.sh: 14: echo: echo: I/O error
extract_organism_sequence.sh: 14: echo: echo: I/O error
extract_organism_sequence.sh: 14: echo: echo: I/O error
extract_organism_sequence.sh: 14: echo: echo: I/O error
extract_organism_sequence.sh: 14: echo: echo: I/O error
extract_organism_sequence.sh: 14: echo: echo: I/O error
extract_organism_sequence.sh: 15: echo: echo: I/O error
extract_organism_sequence.sh: 14: echo: echo: I/O error
extract_organism_sequence.sh: 15: echo: echo: I/O error
extract_organism_sequence.sh: 14: echo: echo: I/O error
extract_organism_sequence.sh: 15: echo: echo: I/O error
extract_organism_sequence.sh: 14: echo: echo: I/O error
extract_organism_sequence.s