nohup: ignoring input
--2024-01-28 07:23:21--  https://rest.kegg.jp/list/abai
Resolving rest.kegg.jp (rest.kegg.jp)... 133.103.200.27
Connecting to rest.kegg.jp (rest.kegg.jp)|133.103.200.27|:443... connected.
HTTP request sent, awaiting response... 200 OK
Length: unspecified [text/plain]
Saving to: ‘kegg/abai.txt’

     0K .......... .......... .......... .......... .......... 77.0K
    50K .......... .......... .......... .......... ..........  308K
   100K .......... .......... .......... .......... ..........  308K
   150K .......... .......... .......... ..........             251K=1.1s

2024-01-28 07:23:23 (168 KB/s) - ‘kegg/abai.txt’ saved [195205]

--2024-01-28 08:15:50--  https://rest.kegg.jp/list/actp
Resolving rest.kegg.jp (rest.kegg.jp)... 133.103.200.27
Connecting to rest.kegg.jp (rest.kegg.jp)|133.103.200.27|:443... connected.
HTTP request sent, awaiting response... 200 OK
Length: unspecified [text/plain]
Saving to: ‘kegg/actp.txt’

     0K .......... .......... .......... .......... .......... 79.2K
    50K .......... .......... .......... .......... ..........  317K
   100K .......... .......... .......... .......                235K=0.9s

2024-01-28 08:15:52 (145 KB/s) - ‘kegg/actp.txt’ saved [140437]

--2024-01-28 09:00:30--  https://rest.kegg.jp/list/amy
Resolving rest.kegg.jp (rest.kegg.jp)... 133.103.200.27
Connecting to rest.kegg.jp (rest.kegg.jp)|133.103.200.27|:443... connected.
HTTP request sent, awaiting response... 200 OK
Length: unspecified [text/plain]
Saving to: ‘kegg/amy.txt’

     0K .......... .......... .......... .......... .......... 94.6K
    50K .......... .......... .......... .......... ..........  177K
   100K .......... .....                                        375K=0.9s

2024-01-28 09:00:31 (135 KB/s) - ‘kegg/amy.txt’ saved [118189]

--2024-01-28 09:40:18--  https://rest.kegg.jp/list/aos
Resolving rest.kegg.jp (rest.kegg.jp)... 133.103.200.27
Connecting to rest.kegg.jp (rest.kegg.jp)|133.103.200.27|:443... connected.
HTTP request sent, awaiting response... 200 OK
Length: unspecified [text/plain]
Saving to: ‘kegg/aos.txt’

     0K .......... .......... .......... .......... ..........  106K
    50K .......... .......... .......... .......... ..........  317K
   100K .......... .......... .......... .......... ..........  317K
   150K .......... ...                                         87.2M=0.8s

2024-01-28 09:40:19 (207 KB/s) - ‘kegg/aos.txt’ saved [167424]

--2024-01-28 10:35:16--  https://rest.kegg.jp/list/ard
Resolving rest.kegg.jp (rest.kegg.jp)... 133.103.200.27
Connecting to rest.kegg.jp (rest.kegg.jp)|133.103.200.27|:443... connected.
HTTP request sent, awaiting response... 200 OK
Length: unspecified [text/plain]
Saving to: ‘kegg/ard.txt’

     0K .......... .......... .......... .......... .......... 77.0K
    50K .......... .......... .......... .......... ..........  308K
   100K .......... .......... .......... .......... ..........  308K
   150K .......... .......                                     89.5M=1.0s

2024-01-28 10:35:18 (172 KB/s) - ‘kegg/ard.txt’ saved [171366]

--2024-01-28 11:33:07--  https://rest.kegg.jp/list/acq
Resolving rest.kegg.jp (rest.kegg.jp)... 133.103.200.27
Connecting to rest.kegg.jp (rest.kegg.jp)|133.103.200.27|:443... connected.
HTTP request sent, awaiting response... 200 OK
Length: unspecified [text/plain]
Saving to: ‘kegg/acq.txt’

     0K .......... .......... .......... .......... .......... 96.7K
    50K .......... .......... .......... .......... ..........  317K
   100K .......... .......... .......... .......... ..........  317K
   150K .......... .......... .......... .......... ....        392K=0.9s

2024-01-28 11:33:09 (206 KB/s) - ‘kegg/acq.txt’ saved [199277]

--2024-01-28 12:41:40--  https://rest.kegg.jp/list/avu
Resolving rest.kegg.jp (rest.kegg.jp)... 133.103.200.27
Connecting to rest.kegg.jp (rest.kegg.jp)|133.103.200.27|:443... connected.
HTTP request sent, awaiting response... 200 OK
Length: unspecified [text/plain]
Saving to: ‘kegg/avu.txt’

     0K .......... .......... .......... .......... .......... 77.0K
    50K .......... .......... .......... .......... ..........  308K
   100K .......... .........                                    165M=0.8s

2024-01-28 12:41:42 (147 KB/s) - ‘kegg/avu.txt’ saved [121868]

--2024-01-28 13:21:54--  https://rest.kegg.jp/list/afs
Resolving rest.kegg.jp (rest.kegg.jp)... 133.103.200.27
Connecting to rest.kegg.jp (rest.kegg.jp)|133.103.200.27|:443... connected.
HTTP request sent, awaiting response... 200 OK
Length: unspecified [text/plain]
Saving to: ‘kegg/afs.txt’

     0K .......... .......... .......... .......... .......... 79.2K
    50K .......... .......... .......... .......... ..........  317K
   100K .......... .......... .......... .......... ..........  317K
   150K .......... .......... .......... .......... ..........  205K
   200K .......... .......... .......... .......... ..........  317K
   250K .......... .......... .......... .......... ..........  703K
   300K .......... .......... .......... .......... ..........  318K
   350K .......... .......... .......... .......... ..........  571K
   400K .......... .......... .......... .......... ..........  317K
   450K .......... .......... .......... .......... ..........  319K
   500K .......... .......... .......... .......... ..........  704K
   550K .......... .......... .......... .......... ......      528K=2.1s

2024-01-28 13:21:57 (279 KB/s) - ‘kegg/afs.txt’ saved [610538]

--2024-01-28 16:51:40--  https://rest.kegg.jp/list/ams
Resolving rest.kegg.jp (rest.kegg.jp)... 133.103.200.27
Connecting to rest.kegg.jp (rest.kegg.jp)|133.103.200.27|:443... connected.
HTTP request sent, awaiting response... 200 OK
Length: unspecified [text/plain]
Saving to: ‘kegg/ams.txt’

     0K .......... .......... .......... .......... .......... 76.9K
    50K .......... .......... .......... .......... ..........  308K
   100K .......... .......... .......... .......... ..........  308K
   150K .......... .......... .......... .......... ..........  154K
   200K .......... .......... .......... .......... ..........  308K
   250K .......... .......... .......... .......... .......... 59.6M
   300K .......... .......... .......... .......... ..........  308K
   350K .......... .......... .......... .......... ..........  308K
   400K .......... .......... .......... .......... ..........  309K
   450K .......... .......... .......... .......... ..........  103M
   500K .......... .......... .......... .......... ..........  308K
   550K .......... .......... .......... ...                    207K=2.3s

2024-01-28 16:51:43 (257 KB/s) - ‘kegg/ams.txt’ saved [597617]

--2024-01-28 19:55:01--  https://rest.kegg.jp/list/actn
Resolving rest.kegg.jp (rest.kegg.jp)... 133.103.200.27
Connecting to rest.kegg.jp (rest.kegg.jp)|133.103.200.27|:443... connected.
HTTP request sent, awaiting response... 200 OK
Length: unspecified [text/plain]
Saving to: ‘kegg/actn.txt’

     0K .......... .......... .......... .......... .......... 79.3K
    50K .......... .......... .......... .......... ..........  317K
   100K .......... .......... .......... .......... ..........  317K
   150K .......... .......... .......... .......... ..........  317K
   200K .......... .......... .......... .......... ..........  317K
   250K .......... .......... .......... .......... ..........  318K
   300K .......... .......... .......... .......... ..........  317K
   350K .......... .......... .......... .......... ..........  317K
   400K .......... .......... .......... .......... .......... 1.13M
   450K .......... .......... .......... .......... ..........  433K
   500K .......... .......... .......... .......... ..........  317K
   550K .......... .......... ......                            638K=2.1s

2024-01-28 19:55:04 (275 KB/s) - ‘kegg/actn.txt’ saved [590217]

--2024-01-28 23:00:14--  https://rest.kegg.jp/list/ase
Resolving rest.kegg.jp (rest.kegg.jp)... 133.103.200.27
Connecting to rest.kegg.jp (rest.kegg.jp)|133.103.200.27|:443... connected.
HTTP request sent, awaiting response... 200 OK
Length: unspecified [text/plain]
Saving to: ‘kegg/ase.txt’

     0K .......... .......... .......... .......... .......... 77.0K
    50K .......... .......... .......... .......... ..........  308K
   100K .......... .......... .......... .......... ..........  308K
   150K .......... .......... .......... .......... ..........  308K
   200K .......... .......... .......... .......... ..........  309K
   250K .......... .......... .......... .......... .......... 1.11M
   300K .......... .......... .......... .......... ..........  309K
   350K .......... .......... .......... .......... ..........  419K
   400K .......... .......... .......... .......... ..........  309K
   450K .......... .......... .......... .......... .......... 1.11M
   500K .......... .......... .......... .......... ..........  309K
   550K .......... .......... .......... .......... .....       378K=2.1s

2024-01-28 23:00:17 (282 KB/s) - ‘kegg/ase.txt’ saved [609334]

--2024-01-29 02:10:44--  https://rest.kegg.jp/list/aey
Resolving rest.kegg.jp (rest.kegg.jp)... 133.103.200.27
Connecting to rest.kegg.jp (rest.kegg.jp)|133.103.200.27|:443... connected.
HTTP request sent, awaiting response... 200 OK
Length: unspecified [text/plain]
Saving to: ‘kegg/aey.txt’

     0K .......... .......... .......... .......... ..........  105K
    50K .......... .......... .......... .......... ..........  159K
   100K .......... .......... .......... .......... ..........  317K
   150K .......... .......... .......... .......... ..........  317K
   200K .......... .......... .......... .......... ..........  318K
   250K .......... .......... .......... .......... ..........  583K
   300K .......... .........                                    101M=1.3s

2024-01-29 02:10:46 (237 KB/s) - ‘kegg/aey.txt’ saved [326834]

--2024-01-29 03:54:27--  https://rest.kegg.jp/list/ami
Resolving rest.kegg.jp (rest.kegg.jp)... 133.103.200.27
Connecting to rest.kegg.jp (rest.kegg.jp)|133.103.200.27|:443... connected.
HTTP request sent, awaiting response... 200 OK
Length: unspecified [text/plain]
Saving to: ‘kegg/ami.txt’

     0K .......... .......... .......... .......... .......... 79.0K
    50K .......... .......... .......... .......... ..........  317K
   100K .......... .......... .......... .......... ..........  317K
   150K .......... .......... .......... .......... ..........  201K
   200K .......... .......... .......... .......... ..........  317K
   250K .......... .......... .......... .......... ..........  438K
   300K .......... .......... .......... .......... ..........  450K
   350K .......... .......... .......... .......... ..........  318K
   400K .......... .......... .......... .......... ..........  318K
   450K .......... .......... .......... .......... .......... 37.2M
   500K                                                         209G=1.9s

2024-01-29 03:54:30 (264 KB/s) - ‘kegg/ami.txt’ saved [512112]

--2024-01-29 06:35:43--  https://rest.kegg.jp/list/asg
Resolving rest.kegg.jp (rest.kegg.jp)... 133.103.200.27
Connecting to rest.kegg.jp (rest.kegg.jp)|133.103.200.27|:443... connected.
HTTP request sent, awaiting response... 200 OK
Length: unspecified [text/plain]
Saving to: ‘kegg/asg.txt’

     0K .......... .......... .......... .......... .......... 77.0K
    50K .......... .......... .......... .......... ......      143K=1.0s

2024-01-29 06:35:45 (98.9 KB/s) - ‘kegg/asg.txt’ saved [98687]

--2024-01-29 07:09:27--  https://rest.kegg.jp/list/aeq
Resolving rest.kegg.jp (rest.kegg.jp)... 133.103.200.27
Connecting to rest.kegg.jp (rest.kegg.jp)|133.103.200.27|:443... connected.
HTTP request sent, awaiting response... 200 OK
Length: unspecified [text/plain]
Saving to: ‘kegg/aeq.txt’

     0K .......... .......... .......... .......... ..........  106K
    50K .......... .......... .......... .......... ..........  159K
   100K .......... .......... .......... .......... ..........  251K
   150K .........                                              90.9M=1.0s

2024-01-29 07:09:29 (162 KB/s) - ‘kegg/aeq.txt’ saved [163666]

--2024-01-29 08:01:41--  https://rest.kegg.jp/list/aka
Resolving rest.kegg.jp (rest.kegg.jp)... 133.103.200.27
Connecting to rest.kegg.jp (rest.kegg.jp)|133.103.200.27|:443... connected.
HTTP request sent, awaiting response... 200 OK
Length: unspecified [text/plain]
Saving to: ‘kegg/aka.txt’

     0K .......... .......... .......... .......... .......... 76.9K
    50K .......... .......... .......... .......... ..........  308K
   100K .......... .......... .......... .......... ..........  308K
   150K .......... .......... .......... .......... ..........  308K
   200K .......... .......... .......... .......... ..........  242K
   250K .......... .......... .......... .                      266K=1.5s

2024-01-29 08:01:43 (193 KB/s) - ‘kegg/aka.txt’ saved [287957]

--2024-01-29 09:30:59--  https://rest.kegg.jp/list/amim
Resolving rest.kegg.jp (rest.kegg.jp)... 133.103.200.27
Connecting to rest.kegg.jp (rest.kegg.jp)|133.103.200.27|:443... connected.
HTTP request sent, awaiting response... 200 OK
Length: unspecified [text/plain]
Saving to: ‘kegg/amim.txt’

     0K .......... .......... .......... .......... ..........  103K
    50K .......... .......... .......... .......... ..........  308K
   100K .......... .......... .......... .......... ..........  308K
   150K .......... .......... .......... .......... ..........  309K
   200K .......... .......... .......... .......... ..........  308K
   250K .......... .......... .......... .......... ..........  309K
   300K .......... .......... .......... ..                    75.1M=1.3s

2024-01-29 09:31:01 (256 KB/s) - ‘kegg/amim.txt’ saved [340231]

--2024-01-29 11:04:13--  https://rest.kegg.jp/list/asl
Resolving rest.kegg.jp (rest.kegg.jp)... 133.103.200.27
Connecting to rest.kegg.jp (rest.kegg.jp)|133.103.200.27|:443... connected.
HTTP request sent, awaiting response... 200 OK
Length: unspecified [text/plain]
Saving to: ‘kegg/asl.txt’

     0K .......... .......... .......... .......... .......... 94.6K
    50K .......... .......... .......... .......... ..........  177K
   100K .......... .......... .......... .......... ..........  309K
   150K .......... .......... .......... .......... ..........  309K
   200K .......... .......... .......... ...                   33.2M=1.1s

2024-01-29 11:04:15 (206 KB/s) - ‘kegg/asl.txt’ saved [239110]

--2024-01-29 12:17:38--  https://rest.kegg.jp/list/apak
Resolving rest.kegg.jp (rest.kegg.jp)... 133.103.200.27
Connecting to rest.kegg.jp (rest.kegg.jp)|133.103.200.27|:443... connected.
HTTP request sent, awaiting response... 200 OK
Length: unspecified [text/plain]
Saving to: ‘kegg/apak.txt’

     0K .......... .......... .......... .......... .......... 77.0K
    50K .......... .......... .......... .......... ..........  308K
   100K .......... .......... .......... .......... ..........  575K
   150K .......... .......... .......... .......... ..........  211K
   200K .......... .......... .......... .......... ..........  573K
   250K .......... ..........                                   124M=1.2s

2024-01-29 12:17:40 (221 KB/s) - ‘kegg/apak.txt’ saved [276863]

--2024-01-29 13:46:44--  https://rest.kegg.jp/list/acg
Resolving rest.kegg.jp (rest.kegg.jp)... 133.103.200.27
Connecting to rest.kegg.jp (rest.kegg.jp)|133.103.200.27|:443... connected.
HTTP request sent, awaiting response... 200 OK
Length: unspecified [text/plain]
Saving to: ‘kegg/acg.txt’

     0K .......... .......... .......... .......... ..........  106K
    50K .......... .......... .......... .......... ..........  317K
   100K .                                                      3.27T=0.6s

2024-01-29 13:46:46 (161 KB/s) - ‘kegg/acg.txt’ saved [104198]

--2024-01-29 14:22:07--  https://rest.kegg.jp/list/asan
Resolving rest.kegg.jp (rest.kegg.jp)... 133.103.200.27
Connecting to rest.kegg.jp (rest.kegg.jp)|133.103.200.27|:443... connected.
HTTP request sent, awaiting response... 200 OK
Length: unspecified [text/plain]
Saving to: ‘kegg/asan.txt’

     0K .......... .......... .......... .......... ..........  102K
    50K .......... .......... .......... .......... ..........  154K
   100K .......... .......... ..                                107M=0.8s

2024-01-29 14:22:09 (151 KB/s) - ‘kegg/asan.txt’ saved [125540]

--2024-01-29 15:03:09--  https://rest.kegg.jp/list/aur
Resolving rest.kegg.jp (rest.kegg.jp)... 133.103.200.27
Connecting to rest.kegg.jp (rest.kegg.jp)|133.103.200.27|:443... connected.
HTTP request sent, awaiting response... 200 OK
Length: unspecified [text/plain]
Saving to: ‘kegg/aur.txt’

     0K .......... .......... .......... .......... .......... 97.0K
    50K .......... .......... .......... .......... ..........  317K
   100K .......... .......... .......... .......... ..........  432K
   150K                                                        1.44T=0.8s

2024-01-29 15:03:11 (191 KB/s) - ‘kegg/aur.txt’ saved [154391]

--2024-01-29 15:48:37--  https://rest.kegg.jp/list/aun
Resolving rest.kegg.jp (rest.kegg.jp)... 133.103.200.27
Connecting to rest.kegg.jp (rest.kegg.jp)|133.103.200.27|:443... connected.
HTTP request sent, awaiting response... 200 OK
Length: unspecified [text/plain]
Saving to: ‘kegg/aun.txt’

     0K .......... .......... .......... .......... .......... 77.0K
    50K .......... .......... .......... .......... ..........  308K
   100K .......... ........                                     468K=0.9s

2024-01-29 15:48:38 (140 KB/s) - ‘kegg/aun.txt’ saved [121752]

--2024-01-29 16:28:54--  https://rest.kegg.jp/list/aui
Resolving rest.kegg.jp (rest.kegg.jp)... 133.103.200.27
Connecting to rest.kegg.jp (rest.kegg.jp)|133.103.200.27|:443... connected.
HTTP request sent, awaiting response... 200 OK
Length: unspecified [text/plain]
Saving to: ‘kegg/aui.txt’

     0K .......... .......... .......... .......... ..........  106K
    50K .......... .......... .......... .......... ..........  317K
   100K .......... .......... ........                          183K=0.8s

2024-01-29 16:28:56 (163 KB/s) - ‘kegg/aui.txt’ saved [131912]

--2024-01-29 17:11:27--  https://rest.kegg.jp/list/auh
Resolving rest.kegg.jp (rest.kegg.jp)... 133.103.200.27
Connecting to rest.kegg.jp (rest.kegg.jp)|133.103.200.27|:443... connected.
HTTP request sent, awaiting response... 200 OK
Length: unspecified [text/plain]
Saving to: ‘kegg/auh.txt’

     0K .......... .......... .......... .......... .......... 95.0K
    50K .......... .......... .......... .......... ..........  175K
   100K ..........                                              131M=0.8s

2024-01-29 17:11:29 (137 KB/s) - ‘kegg/auh.txt’ saved [113569]

--2024-01-29 17:49:33--  https://rest.kegg.jp/list/avs
Resolving rest.kegg.jp (rest.kegg.jp)... 133.103.200.27
Connecting to rest.kegg.jp (rest.kegg.jp)|133.103.200.27|:443... connected.
HTTP request sent, awaiting response... 200 OK
Length: unspecified [text/plain]
Saving to: ‘kegg/avs.txt’

     0K .......... .......... .......... .......... .......... 77.0K
    50K .......... .......... .......... .......... ..........  154K
   100K .......... .......... .......... ......                 226K=1.1s

2024-01-29 17:49:35 (120 KB/s) - ‘kegg/avs.txt’ saved [139886]

--2024-01-29 18:35:31--  https://rest.kegg.jp/list/aer
Resolving rest.kegg.jp (rest.kegg.jp)... 133.103.200.27
Connecting to rest.kegg.jp (rest.kegg.jp)|133.103.200.27|:443... connected.
HTTP request sent, awaiting response... 200 OK
Length: unspecified [text/plain]
Saving to: ‘kegg/aer.txt’

     0K .......... .......... .......... .......... ..........  103K
    50K .......... .......... .......... .......... ..........  308K
   100K .......... .......... .......... .......... ..........  154K
   150K .......... .......... .......... .......... ..........  308K
   200K .......... .......... ...                              76.1M=1.1s

2024-01-29 18:35:33 (197 KB/s) - ‘kegg/aer.txt’ saved [229343]

--2024-01-29 19:52:40--  https://rest.kegg.jp/list/aaj
Resolving rest.kegg.jp (rest.kegg.jp)... 133.103.200.27
Connecting to rest.kegg.jp (rest.kegg.jp)|133.103.200.27|:443... connected.
HTTP request sent, awaiting response... 200 OK
Length: unspecified [text/plain]
Saving to: ‘kegg/aaj.txt’

     0K .......... .......... .......... .......... ..........  106K
    50K .......... .......... .......... .......... ..........  317K
   100K .......... .......... .......... .......... ..........  317K
   150K .......... .......... .......... .......... ..........  250K
   200K .......... .......... .......... .......... ..........  318K
   250K .......... .......... .......... .......... ..........  435K
   300K .........                                              96.5M=1.3s

2024-01-29 19:52:42 (245 KB/s) - ‘kegg/aaj.txt’ saved [316416]

--2024-01-29 21:32:14--  https://rest.kegg.jp/list/ahi
Resolving rest.kegg.jp (rest.kegg.jp)... 133.103.200.27
Connecting to rest.kegg.jp (rest.kegg.jp)|133.103.200.27|:443... connected.
HTTP request sent, awaiting response... 200 OK
Length: unspecified [text/plain]
Saving to: ‘kegg/ahi.txt’

     0K .......... .......... .......... .......... ..........  106K
    50K .......... .......... .......... .......... ..........  159K
   100K .......... .......... .......... .......... ..........  317K
   150K .......... .......... .......... .......... ..........  317K
   200K .......... .......... .......... .......... ..........  318K
   250K .......... .......... .......... .......... .          67.2M=1.3s

2024-01-29 21:32:16 (231 KB/s) - ‘kegg/ahi.txt’ saved [298213]

--2024-01-29 23:11:15--  https://rest.kegg.jp/list/ahh
Resolving rest.kegg.jp (rest.kegg.jp)... 133.103.200.27
Connecting to rest.kegg.jp (rest.kegg.jp)|133.103.200.27|:443... connected.
HTTP request sent, awaiting response... 200 OK
Length: unspecified [text/plain]
Saving to: ‘kegg/ahh.txt’

     0K .......... .......... .......... .......... .......... 77.0K
    50K .......... .......... .......... .......... ..........  308K
   100K .......... .......... .......... .......... ..........  308K
   150K .......... .......... .......... .......... ..........  308K
   200K .......... .......... .......... .......... ..........  308K
   250K .......... .......... .......... .......... ...         270K=1.5s

2024-01-29 23:11:17 (201 KB/s) - ‘kegg/ahh.txt’ saved [300757]

--2024-01-30 00:51:18--  https://rest.kegg.jp/list/ahr
Resolving rest.kegg.jp (rest.kegg.jp)... 133.103.200.27
Connecting to rest.kegg.jp (rest.kegg.jp)|133.103.200.27|:443... connected.
HTTP request sent, awaiting response... 200 OK
Length: unspecified [text/plain]
Saving to: ‘kegg/ahr.txt’

     0K .......... .......... .......... .......... .......... 77.0K
    50K .......... .......... .......... .......... ..........  308K
   100K .......... .......... .......... .......... ..........  308K
   150K .......... .......... .......... .......... ..........  308K
   200K .......... .......... .......... .......... ..........  309K
   250K .......... .......... .......... .......... ....        273K=1.5s

2024-01-30 00:51:20 (201 KB/s) - ‘kegg/ahr.txt’ saved [301267]

--2024-01-30 02:31:50--  https://rest.kegg.jp/list/ahj
Resolving rest.kegg.jp (rest.kegg.jp)... 133.103.200.27
Connecting to rest.kegg.jp (rest.kegg.jp)|133.103.200.27|:443... connected.
HTTP request sent, awaiting response... 200 OK
Length: unspecified [text/plain]
Saving to: ‘kegg/ahj.txt’

     0K .......... .......... .......... .......... ..........  102K
    50K .......... .......... .......... .......... ..........  154K
   100K .......... .......... .......... .......... ..........  308K
   150K .......... .......... .......... .......... .......... 1.16M
   200K .......... .......... .......... .......... ..........  308K
   250K .......... .......... .......... .......... ...         363K=1.3s

2024-01-30 02:31:52 (226 KB/s) - ‘kegg/ahj.txt’ saved [300732]

--2024-01-30 04:11:51--  https://rest.kegg.jp/list/ahy
Resolving rest.kegg.jp (rest.kegg.jp)... 133.103.200.27
Connecting to rest.kegg.jp (rest.kegg.jp)|133.103.200.27|:443... connected.
HTTP request sent, awaiting response... 200 OK
Length: unspecified [text/plain]
Saving to: ‘kegg/ahy.txt’

     0K .......... .......... .......... .......... ..........  103K
    50K .......... .......... .......... .......... ..........  308K
   100K .......... .......... .......... .......... ..........  309K
   150K .......... .......... .......... .......... ..........  308K
   200K .......... .......... .......... .......... ..........  309K
   250K .......... .......... .......... .......... ..........  310K
   300K .......... ........                                    30.7M=1.3s

2024-01-30 04:11:53 (245 KB/s) - ‘kegg/ahy.txt’ saved [325803]

--2024-01-30 05:54:19--  https://rest.kegg.jp/list/ahp
Resolving rest.kegg.jp (rest.kegg.jp)... 133.103.200.27
Connecting to rest.kegg.jp (rest.kegg.jp)|133.103.200.27|:443... connected.
HTTP request sent, awaiting response... 200 OK
Length: unspecified [text/plain]
Saving to: ‘kegg/ahp.txt’

     0K .......... .......... .......... .......... .......... 79.1K
    50K .......... .......... .......... .......... ..........  250K
   100K .......... .......... .......... .......... ..........  317K
   150K .......... .......... .......... .......... ..........  317K
   200K .......... .......... .......... .......... ..........  317K
   250K .......... .......... .......... .......... ....        384K=1.4s

2024-01-30 05:54:22 (207 KB/s) - ‘kegg/ahp.txt’ saved [301314]

--2024-01-30 07:34:50--  https://rest.kegg.jp/list/aha
Resolving rest.kegg.jp (rest.kegg.jp)... 133.103.200.27
Connecting to rest.kegg.jp (rest.kegg.jp)|133.103.200.27|:443... connected.
HTTP request sent, awaiting response... 200 OK
Length: unspecified [text/plain]
Saving to: ‘kegg/aha.txt’

     0K .......... .......... .......... .......... .......... 77.0K
    50K .......... .......... .......... .......... ..........  154K
   100K .......... .......... .......... .......... ..........  308K
   150K .......... .......... .......... .......... ..........  308K
   200K .......... .......... .......... .......... ..........  308K
   250K .......... .......... .......... .......... ..........  310K
   300K ......                                                 75.8M=1.6s

2024-01-30 07:34:53 (189 KB/s) - ‘kegg/aha.txt’ saved [313746]

--2024-01-30 09:10:50--  https://rest.kegg.jp/list/ahd
Resolving rest.kegg.jp (rest.kegg.jp)... 133.103.200.27
Connecting to rest.kegg.jp (rest.kegg.jp)|133.103.200.27|:443... connected.
HTTP request sent, awaiting response... 200 OK
Length: unspecified [text/plain]
Saving to: ‘kegg/ahd.txt’

     0K .......... .......... .......... .......... ..........  103K
    50K .......... .......... .......... .......... ..........  154K
   100K .......... .......... .......... .......... ..........  309K
   150K .......... .......... .......... .......... ..........  309K
   200K .......... .......... .......... .......... ..........  308K
   250K .......... .......... .......... ......                57.8M=1.3s

2024-01-30 09:10:52 (221 KB/s) - ‘kegg/ahd.txt’ saved [293252]

--2024-01-30 10:47:48--  https://rest.kegg.jp/list/amed
Resolving rest.kegg.jp (rest.kegg.jp)... 133.103.200.27
Connecting to rest.kegg.jp (rest.kegg.jp)|133.103.200.27|:443... connected.
HTTP request sent, awaiting response... 200 OK
Length: unspecified [text/plain]
Saving to: ‘kegg/amed.txt’

     0K .......... .......... .......... .......... .......... 77.0K
    50K .......... .......... .......... .......... ..........  244K
   100K .......... .......... .......... .......... ..........  178K
   150K .......... .......... .......... .......... ..........  308K
   200K .......... .......... .......... .......... ..........  309K
   250K .......... .......... .......... .......... ..........  309K
   300K .......... .....                                        105M=1.6s

2024-01-30 10:47:50 (195 KB/s) - ‘kegg/amed.txt’ saved [323360]

--2024-01-30 12:30:51--  https://rest.kegg.jp/list/asa
Resolving rest.kegg.jp (rest.kegg.jp)... 133.103.200.27
Connecting to rest.kegg.jp (rest.kegg.jp)|133.103.200.27|:443... connected.
HTTP request sent, awaiting response... 200 OK
Length: unspecified [text/plain]
Saving to: ‘kegg/asa.txt’

     0K .......... .......... .......... .......... .......... 79.2K
    50K .......... .......... .......... .......... ..........  158K
   100K .......... .......... .......... .......... ..........  315K
   150K .......... .......... .......... .......... ..........  317K
   200K .......... .......... .......... .......... ..........  317K
   250K .......... .......... .......... .......... ..........  315K
   300K .......... .......... .......... ........               246K=1.7s

2024-01-30 12:30:53 (195 KB/s) - ‘kegg/asa.txt’ saved [346845]

--2024-01-30 14:17:12--  https://rest.kegg.jp/list/asr
Resolving rest.kegg.jp (rest.kegg.jp)... 133.103.200.27
Connecting to rest.kegg.jp (rest.kegg.jp)|133.103.200.27|:443... connected.
HTTP request sent, awaiting response... 200 OK
Length: unspecified [text/plain]
Saving to: ‘kegg/asr.txt’

     0K .......... .......... .......... .......... ..........  102K
    50K .......... .......... .......... .......... ..........  154K
   100K .......... .......... .......... .......... ..........  309K
   150K .......... .......... .......... .......... ..........  309K
   200K .......... .......... .......... .......... ..........  308K
   250K .......... .......... .......... .......... .......... 1.16M
   300K .......... .....                                        132K=1.5s

2024-01-30 14:17:14 (216 KB/s) - ‘kegg/asr.txt’ saved [323398]

--2024-01-30 15:57:30--  https://rest.kegg.jp/list/aeo
Resolving rest.kegg.jp (rest.kegg.jp)... 133.103.200.27
Connecting to rest.kegg.jp (rest.kegg.jp)|133.103.200.27|:443... connected.
HTTP request sent, awaiting response... 200 OK
Length: unspecified [text/plain]
Saving to: ‘kegg/aeo.txt’

     0K .......... .......... .......... .......... ..........  105K
    50K .......... .......... .......... .......... ..........  159K
   100K .......... .......... .......... .......... ..........  318K
   150K .......... .......... .......... .......... .......... 71.8M
   200K .......... .......... .......... .......... ..........  317K
   250K .......... .......... .......... .......... ..........  316K
   300K .......... .......... .......... ....                   415K=1.3s

2024-01-30 15:57:32 (249 KB/s) - ‘kegg/aeo.txt’ saved [342478]

--2024-01-30 17:47:01--  https://rest.kegg.jp/list/avr
Resolving rest.kegg.jp (rest.kegg.jp)... 133.103.200.27
Connecting to rest.kegg.jp (rest.kegg.jp)|133.103.200.27|:443... connected.
HTTP request sent, awaiting response... 200 OK
Length: unspecified [text/plain]
Saving to: ‘kegg/avr.txt’

     0K .......... .......... .......... .......... .......... 79.3K
    50K .......... .......... .......... .......... ..........  317K
   100K .......... .......... .......... .......... ..........  317K
   150K .......... .......... .......... .......... ..........  318K
   200K .......... .......... .......... .......... ..........  317K
   250K .......... .......... .......... .......... .......     304K=1.4s

2024-01-30 17:47:04 (210 KB/s) - ‘kegg/avr.txt’ saved [304875]

--2024-01-30 19:20:30--  https://rest.kegg.jp/list/avo
Resolving rest.kegg.jp (rest.kegg.jp)... 133.103.200.27
Connecting to rest.kegg.jp (rest.kegg.jp)|133.103.200.27|:443... connected.
HTTP request sent, awaiting response... 200 OK
Length: unspecified [text/plain]
Saving to: ‘kegg/avo.txt’

     0K .......... .......... .......... .......... .......... 94.7K
    50K .......... .......... .......... .......... ..........  176K
   100K .......... .......... .......... .......... ..........  309K
   150K .......... .......... .......... .......... ..........  309K
   200K .......... .......... .......... .......... ..........  308K
   250K .......... .......... .......... .......... .........  77.6M=1.3s

2024-01-30 19:20:32 (230 KB/s) - ‘kegg/avo.txt’ saved [306389]

--2024-01-30 21:02:05--  https://rest.kegg.jp/list/acj
Resolving rest.kegg.jp (rest.kegg.jp)... 133.103.200.27
Connecting to rest.kegg.jp (rest.kegg.jp)|133.103.200.27|:443... connected.
HTTP request sent, awaiting response... 200 OK
Length: unspecified [text/plain]
Saving to: ‘kegg/acj.txt’

     0K .......... .......... .......... .......... ..........  105K
    50K .......... .......... .......... .......... ..........  159K
   100K .......... .....                                       41.7M=0.8s

2024-01-30 21:02:07 (147 KB/s) - ‘kegg/acj.txt’ saved [118629]

--2024-01-30 21:40:20--  https://rest.kegg.jp/list/ape
Resolving rest.kegg.jp (rest.kegg.jp)... 133.103.200.27
Connecting to rest.kegg.jp (rest.kegg.jp)|133.103.200.27|:443... connected.
HTTP request sent, awaiting response... 200 OK
Length: unspecified [text/plain]
Saving to: ‘kegg/ape.txt’

     0K .......... .......... .......... .......... .......... 79.2K
    50K .......... .......... .......... .......... ..........  159K
   100K .......... ..........                                  48.0M=0.9s

2024-01-30 21:40:22 (127 KB/s) - ‘kegg/ape.txt’ saved [123462]

--2024-01-30 22:19:57--  https://rest.kegg.jp/list/aact
Resolving rest.kegg.jp (rest.kegg.jp)... 133.103.200.27
Connecting to rest.kegg.jp (rest.kegg.jp)|133.103.200.27|:443... connected.
HTTP request sent, awaiting response... 200 OK
Length: unspecified [text/plain]
Saving to: ‘kegg/aact.txt’

     0K .......... .......... .......... .......... .......... 77.0K
    50K .......... .......... .......... .......... .......... 1.13M
   100K .......... .......... .......... .......... ..........  309K
   150K .......                                                 130M=0.9s

2024-01-30 22:19:58 (184 KB/s) - ‘kegg/aact.txt’ saved [161060]

--2024-01-30 23:11:48--  https://rest.kegg.jp/list/aao
Resolving rest.kegg.jp (rest.kegg.jp)... 133.103.200.27
Connecting to rest.kegg.jp (rest.kegg.jp)|133.103.200.27|:443... connected.
HTTP request sent, awaiting response... 200 OK
Length: unspecified [text/plain]
Saving to: ‘kegg/aao.txt’

     0K .......... .......... .......... .......... .......... 77.0K
    50K .......... .......... .......... .......... ..........  308K
   100K .......... .......... .......... .......... ..........  308K
   150K ....                                                   8.12T=1.0s

2024-01-30 23:11:50 (158 KB/s) - ‘kegg/aao.txt’ saved [158062]

--2024-01-30 23:59:50--  https://rest.kegg.jp/list/aat
Resolving rest.kegg.jp (rest.kegg.jp)... 133.103.200.27
Connecting to rest.kegg.jp (rest.kegg.jp)|133.103.200.27|:443... connected.
HTTP request sent, awaiting response... 200 OK
Length: unspecified [text/plain]
Saving to: ‘kegg/aat.txt’

     0K .......... .......... .......... .......... ..........  106K
    50K .......... .......... .......... .......... ..........  159K
   100K .......... .......... .......... .....                 48.5M=0.8s

2024-01-30 23:59:51 (172 KB/s) - ‘kegg/aat.txt’ saved [139235]

--2024-01-31 00:46:49--  https://rest.kegg.jp/list/aan
Resolving rest.kegg.jp (rest.kegg.jp)... 133.103.200.27
Connecting to rest.kegg.jp (rest.kegg.jp)|133.103.200.27|:443... connected.
HTTP request sent, awaiting response... 200 OK
Length: unspecified [text/plain]
Saving to: ‘kegg/aan.txt’

     0K .......... .......... .......... .......... ..........  105K
    50K .......... .......... .......... .......... ..........  159K
   100K .......... .......... .......... .......... .           266K=0.9s

2024-01-31 00:46:51 (150 KB/s) - ‘kegg/aan.txt’ saved [145192]

--2024-01-31 01:36:05--  https://rest.kegg.jp/list/aah
Resolving rest.kegg.jp (rest.kegg.jp)... 133.103.200.27
Connecting to rest.kegg.jp (rest.kegg.jp)|133.103.200.27|:443... connected.
HTTP request sent, awaiting response... 200 OK
Length: unspecified [text/plain]
Saving to: ‘kegg/aah.txt’

     0K .......... .......... .......... .......... ..........  105K
    50K .......... .......... .......... .......... ..........  159K
   100K .......... .......... .......... .......... .......... 1.13M
   150K .......... ......                                       148K=0.9s

2024-01-31 01:36:07 (176 KB/s) - ‘kegg/aah.txt’ saved [170962]

--2024-01-31 02:29:57--  https://rest.kegg.jp/list/aacn
Resolving rest.kegg.jp (rest.kegg.jp)... 133.103.200.27
Connecting to rest.kegg.jp (rest.kegg.jp)|133.103.200.27|:443... connected.
HTTP request sent, awaiting response... 200 OK
Length: unspecified [text/plain]
Saving to: ‘kegg/aacn.txt’

     0K .......... .......... .......... .......... .......... 77.0K
    50K .......... .......... .......... .......... ..........  307K
   100K .......... .......... .......... .......... ..........  309K
   150K .......... .......... .                                57.6M=1.0s

2024-01-31 02:29:59 (176 KB/s) - ‘kegg/aacn.txt’ saved [175245]

--2024-01-31 03:24:41--  https://rest.kegg.jp/list/aap
Resolving rest.kegg.jp (rest.kegg.jp)... 133.103.200.27
Connecting to rest.kegg.jp (rest.kegg.jp)|133.103.200.27|:443... connected.
HTTP request sent, awaiting response... 200 OK
Length: unspecified [text/plain]
Saving to: ‘kegg/aap.txt’

     0K .......... .......... .......... .......... .......... 94.6K
    50K .......... .......... .......... .......... ..........  154K
   100K .......... .......... .......... .......... ..........  308K
   150K .......... ......                                      90.4M=1.0s

2024-01-31 03:24:43 (164 KB/s) - ‘kegg/aap.txt’ saved [170110]

--2024-01-31 04:17:21--  https://rest.kegg.jp/list/aaz
Resolving rest.kegg.jp (rest.kegg.jp)... 133.103.200.27
Connecting to rest.kegg.jp (rest.kegg.jp)|133.103.200.27|:443... connected.
HTTP request sent, awaiting response... 200 OK
Length: unspecified [text/plain]
Saving to: ‘kegg/aaz.txt’

     0K .......... .......... .......... .......... .......... 76.9K
    50K .......... .......... .......... .......... ..........  307K
   100K .......... .......... .......... .......... .........   304K=1.0s

2024-01-31 04:17:23 (153 KB/s) - ‘kegg/aaz.txt’ saved [152809]

--2024-01-31 05:07:27--  https://rest.kegg.jp/list/atu
Resolving rest.kegg.jp (rest.kegg.jp)... 133.103.200.27
Connecting to rest.kegg.jp (rest.kegg.jp)|133.103.200.27|:443... connected.
HTTP request sent, awaiting response... 200 OK
Length: unspecified [text/plain]
Saving to: ‘kegg/atu.txt’

     0K .......... .......... .......... .......... .......... 76.9K
    50K .......... .......... .......... .......... ..........  154K
   100K .......... .......... .......... .......... ..........  307K
   150K .......... .......... .......... .......... ..........  308K
   200K .......... .......... .......... .......... ..........  308K
   250K .......... .......... .......... .......... ..........  308K
   300K .......... .......... .......... .......... ..........  309K
   350K .......... .......... .......... .......... .......... 96.7M
   400K .......... .......... ...                               144K=1.9s

2024-01-31 05:07:30 (217 KB/s) - ‘kegg/atu.txt’ saved [433525]

--2024-01-31 07:09:59--  https://rest.kegg.jp/list/ara
Resolving rest.kegg.jp (rest.kegg.jp)... 133.103.200.27
Connecting to rest.kegg.jp (rest.kegg.jp)|133.103.200.27|:443... connected.
HTTP request sent, awaiting response... 200 OK
Length: unspecified [text/plain]
Saving to: ‘kegg/ara.txt’

     0K .......... .......... .......... .......... ..........  103K
    50K .......... .......... .......... .......... ..........  307K
   100K .......... .......... .......... .......... ..........  309K
   150K .......... .......... .......... .......... ..........  308K
   200K .......... .......... .......... .......... ..........  308K
   250K .......... .......... .......... .......... ..........  309K
   300K .......... .......... .......... .......... ..........  596K
   350K .......... .......... .......... .......... ..........  415K
   400K .......... .......... .......... .......... ..........  416K
   450K .......... .......... .......... .......... ..........  309K
   500K .........                                              49.4M=1.8s

2024-01-31 07:10:02 (286 KB/s) - ‘kegg/ara.txt’ saved [522055]

--2024-01-31 09:42:59--  https://rest.kegg.jp/list/aro
Resolving rest.kegg.jp (rest.kegg.jp)... 133.103.200.27
Connecting to rest.kegg.jp (rest.kegg.jp)|133.103.200.27|:443... connected.
HTTP request sent, awaiting response... 200 OK
Length: unspecified [text/plain]
Saving to: ‘kegg/aro.txt’

     0K .......... .......... .......... .......... ..........  106K
    50K .......... .......... .......... .......... ..........  159K
   100K .......... .......... .......... .......... ..........  318K
   150K .......... .......... .......... .......... ..........  317K
   200K .......... .......... .......... .......... ..........  317K
   250K .......... .......... .......... .......... .......... 37.9M
   300K .......... .......... .......... .......... ..........  317K
   350K .......... .......... .......... .......... ..          269K=1.6s

2024-01-31 09:43:02 (249 KB/s) - ‘kegg/aro.txt’ saved [401643]

--2024-01-31 11:41:21--  https://rest.kegg.jp/list/agr
Resolving rest.kegg.jp (rest.kegg.jp)... 133.103.200.27
Connecting to rest.kegg.jp (rest.kegg.jp)|133.103.200.27|:443... connected.
HTTP request sent, awaiting response... 200 OK
Length: unspecified [text/plain]
Saving to: ‘kegg/agr.txt’

     0K .......... .......... .......... .......... .......... 77.1K
    50K .......... .......... .......... .......... ..........  308K
   100K .......... .......... .......... .......... ..........  308K
   150K .......... .......... .......... .......... ..........  154K
   200K .......... .......... .......... .......... ..........  101M
   250K .......... .......... .......... .......... ..........  308K
   300K .......... .......... .......... .......... ..........  308K
   350K .......... .......... .......... .......... ..........  309K
   400K .......... .......... .......... .......... ..........  309K
   450K .........                                              77.7M=1.9s

2024-01-31 11:41:24 (236 KB/s) - ‘kegg/agr.txt’ saved [470293]

--2024-01-31 13:43:17--  https://rest.kegg.jp/list/agc
Resolving rest.kegg.jp (rest.kegg.jp)... 133.103.200.27
Connecting to rest.kegg.jp (rest.kegg.jp)|133.103.200.27|:443... connected.
HTTP request sent, awaiting response... 200 OK
Length: unspecified [text/plain]
Saving to: ‘kegg/agc.txt’

     0K .......... .......... .......... .......... .......... 79.2K
    50K .......... .......... .......... .......... ..........  159K
   100K .......... .......... .......... .......... .......... 90.4M
   150K .......... .......... .......... .......... ..........  159K
   200K .......... .......... .......... .......... .......... 84.0M
   250K .......... .......... .......... .......... ..........  317K
   300K .......... .......... .......... .......... ..........  317K
   350K .......... .......... ..                                198M=1.6s

2024-01-31 13:43:19 (236 KB/s) - ‘kegg/agc.txt’ saved [381697]

--2024-01-31 15:31:18--  https://rest.kegg.jp/list/atf
Resolving rest.kegg.jp (rest.kegg.jp)... 133.103.200.27
Connecting to rest.kegg.jp (rest.kegg.jp)|133.103.200.27|:443... connected.
HTTP request sent, awaiting response... 200 OK
Length: unspecified [text/plain]
Saving to: ‘kegg/atf.txt’

     0K .......... .......... .......... .......... ..........  106K
    50K .......... .......... .......... .......... ..........  317K
   100K .......... .......... .......... .......... ..........  317K
   150K .......... .......... .......... .......... ..........  317K
   200K .......... .......... .......... .......... ..........  318K
   250K .......... .......... .......... .......... ..........  318K
   300K .......... .......... .......... .......... ..........  318K
   350K .......... .......... .......... .......... ..........  319K
   400K .......... .......                                     61.1M=1.6s

2024-01-31 15:31:21 (265 KB/s) - ‘kegg/atf.txt’ saved [427419]

--2024-01-31 17:31:36--  https://rest.kegg.jp/list/ata
Resolving rest.kegg.jp (rest.kegg.jp)... 133.103.200.27
Connecting to rest.kegg.jp (rest.kegg.jp)|133.103.200.27|:443... connected.
HTTP request sent, awaiting response... 200 OK
Length: unspecified [text/plain]
Saving to: ‘kegg/ata.txt’

     0K .......... .......... .......... .......... .......... 79.2K
    50K .......... .......... .......... .......... ..........  249K
   100K .......... .......... .......... .......... ..........  317K
   150K .......... .......... .......... .......... ..........  183K
   200K .......... .......... .......... .......... .......... 1.15M
   250K .......... .......... .......... .......... ..........  318K
   300K .......... .......... .......... .......... ..........  432K
   350K .......... .......... .......... ........               244K=1.7s

2024-01-31 17:31:39 (224 KB/s) - ‘kegg/ata.txt’ saved [397703]

--2024-01-31 19:26:40--  https://rest.kegg.jp/list/avi
Resolving rest.kegg.jp (rest.kegg.jp)... 133.103.200.27
Connecting to rest.kegg.jp (rest.kegg.jp)|133.103.200.27|:443... connected.
HTTP request sent, awaiting response... 200 OK
Length: unspecified [text/plain]
Saving to: ‘kegg/avi.txt’

     0K .......... .......... .......... .......... ..........  106K
    50K .......... .......... .......... .......... ..........  159K
   100K .......... .......... .......... .......... ..........  317K
   150K .......... .......... .......... .......... ..........  317K
   200K .......... .......... .......... .......... ..........  317K
   250K .......... .......... .......... .......... ..........  317K
   300K .......... .......... .......... .......... ..........  263M
   350K .......... .......... .......... .......... ..........  317K
   400K .......                                                 275M=1.6s

2024-01-31 19:26:43 (259 KB/s) - ‘kegg/avi.txt’ saved [417398]

--2024-01-31 21:31:11--  https://rest.kegg.jp/list/agy
Resolving rest.kegg.jp (rest.kegg.jp)... 133.103.200.27
Connecting to rest.kegg.jp (rest.kegg.jp)|133.103.200.27|:443... connected.
HTTP request sent, awaiting response... 200 OK
Length: unspecified [text/plain]
Saving to: ‘kegg/agy.txt’

     0K .......... .......... .......... .......... .......... 79.0K
    50K .......... .......... .......... .......... ..........  159K
   100K .......... .......... .......... .......... ..........  317K
   150K .......... .......... .......... .......... ..........  317K
   200K .......... .......... .......... .......... ..........  318K
   250K .......                                                13.3T=1.4s

2024-01-31 21:31:13 (181 KB/s) - ‘kegg/agy.txt’ saved [263331]

--2024-01-31 22:59:09--  https://rest.kegg.jp/list/vfm
Resolving rest.kegg.jp (rest.kegg.jp)... 133.103.200.27
Connecting to rest.kegg.jp (rest.kegg.jp)|133.103.200.27|:443... connected.
HTTP request sent, awaiting response... 200 OK
Length: unspecified [text/plain]
Saving to: ‘kegg/vfm.txt’

     0K .......... .......... .......... .......... ..........  103K
    50K .......... .......... .......... .......... ..........  154K
   100K .......... .......... .......... .......... ..........  308K
   150K .......... .......... .......... .......... ..........  308K
   200K .......... .......... .......... .......... ..........  307K
   250K .......... .......... .......... .......... ..........  311K
   300K .......... ....                                        13.9M=1.5s

2024-01-31 22:59:11 (215 KB/s) - ‘kegg/vfm.txt’ saved [321830]

--2024-02-01 00:32:28--  https://rest.kegg.jp/list/agl
Resolving rest.kegg.jp (rest.kegg.jp)... 133.103.200.27
Connecting to rest.kegg.jp (rest.kegg.jp)|133.103.200.27|:443... connected.
HTTP request sent, awaiting response... 200 OK
Length: unspecified [text/plain]
Saving to: ‘kegg/agl.txt’

     0K .......... .......... .......... .......... ..........  103K
    50K .......... .......... .......... .......... ..........  154K
   100K .......... .......... .......... .......... ..........  308K
   150K .......... .......... .......... .                      192K=1.1s

2024-02-01 00:32:30 (159 KB/s) - ‘kegg/agl.txt’ saved [185483]

--2024-02-01 01:30:28--  https://rest.kegg.jp/list/amu
Resolving rest.kegg.jp (rest.kegg.jp)... 133.103.200.27
Connecting to rest.kegg.jp (rest.kegg.jp)|133.103.200.27|:443... connected.
HTTP request sent, awaiting response... 200 OK
Length: unspecified [text/plain]
Saving to: ‘kegg/amu.txt’

     0K .......... .......... .......... .......... ..........  105K
    50K .......... .......... .......... .......... ..........  159K
   100K .......... .......... .......... .......... ..........  317K
   150K ..                                                     30.6M=0.9s

2024-02-01 01:30:29 (161 KB/s) - ‘kegg/amu.txt’ saved [155770]

--2024-02-01 02:20:33--  https://rest.kegg.jp/list/afa
Resolving rest.kegg.jp (rest.kegg.jp)... 133.103.200.27
Connecting to rest.kegg.jp (rest.kegg.jp)|133.103.200.27|:443... connected.
HTTP request sent, awaiting response... 200 OK
Length: unspecified [text/plain]
Saving to: ‘kegg/afa.txt’

     0K .......... .......... .......... .......... .......... 94.1K
    50K .......... .......... .......... .......... ..........  178K
   100K .......... .......... .......... .......... ..........  309K
   150K .......... .......... .......... .......... ..........  308K
   200K .......... .......... .......... .......... .......... 66.9M
   250K ........                                                194K=1.2s

2024-02-01 02:20:35 (219 KB/s) - ‘kegg/afa.txt’ saved [264490]

--2024-02-01 03:46:26--  https://rest.kegg.jp/list/abo
Resolving rest.kegg.jp (rest.kegg.jp)... 133.103.200.27
Connecting to rest.kegg.jp (rest.kegg.jp)|133.103.200.27|:443... connected.
HTTP request sent, awaiting response... 200 OK
Length: unspecified [text/plain]
Saving to: ‘kegg/abo.txt’

     0K .......... .......... .......... .......... .......... 79.2K
    50K .......... .......... .......... .......... ..........  316K
   100K .......... .......... .......... .......... ..........  317K
   150K .......... .......... .......... .......... ..........  317K
   200K ....                                                   7.61T=1.1s

2024-02-01 03:46:28 (185 KB/s) - ‘kegg/abo.txt’ saved [208982]

--2024-02-01 04:49:12--  https://rest.kegg.jp/list/adi
Resolving rest.kegg.jp (rest.kegg.jp)... 133.103.200.27
Connecting to rest.kegg.jp (rest.kegg.jp)|133.103.200.27|:443... connected.
HTTP request sent, awaiting response... 200 OK
Length: unspecified [text/plain]
Saving to: ‘kegg/adi.txt’

     0K .......... .......... .......... .......... ..........  103K
    50K .......... .......... .......... .......... ..........  155K
   100K .......... .......... .......... .......... .......... 54.3M
   150K .......... .......... .......... .......... ..........  248K
   200K .......... .......... .......... .......... ..........  409K
   250K .......... .......... .......... .......... ..........  309K
   300K .......... .......... .......... ........               965K=1.3s

2024-02-01 04:49:14 (253 KB/s) - ‘kegg/adi.txt’ saved [347037]

--2024-02-01 06:29:13--  https://rest.kegg.jp/list/apac
Resolving rest.kegg.jp (rest.kegg.jp)... 133.103.200.27
Connecting to rest.kegg.jp (rest.kegg.jp)|133.103.200.27|:443... connected.
HTTP request sent, awaiting response... 200 OK
Length: unspecified [text/plain]
Saving to: ‘kegg/apac.txt’

     0K .......... .......... .......... .......... .......... 94.3K
    50K .......... .......... .......... .......... ..........  178K
   100K .......... .......... .......... .......... ..........  308K
   150K .......... .......... .......... .......... ..........  308K
   200K .......... .......... .......... .......... ..........  308K
   250K .......... .                                            297M=1.3s

2024-02-01 06:29:16 (201 KB/s) - ‘kegg/apac.txt’ saved [267470]

--2024-02-01 07:53:40--  https://rest.kegg.jp/list/aln
Resolving rest.kegg.jp (rest.kegg.jp)... 133.103.200.27
Connecting to rest.kegg.jp (rest.kegg.jp)|133.103.200.27|:443... connected.
HTTP request sent, awaiting response... 200 OK
Length: unspecified [text/plain]
Saving to: ‘kegg/aln.txt’

     0K .......... .......... .......... .......... .......... 79.3K
    50K .......... .......... .......... .......... ..........  317K
   100K .......... .......... .......... .......... ..........  317K
   150K .......... .......... .......... .......... ....        284K=1.1s

2024-02-01 07:53:42 (176 KB/s) - ‘kegg/aln.txt’ saved [199271]

--2024-02-01 08:59:12--  https://rest.kegg.jp/list/axe
Resolving rest.kegg.jp (rest.kegg.jp)... 133.103.200.27
Connecting to rest.kegg.jp (rest.kegg.jp)|133.103.200.27|:443... connected.
HTTP request sent, awaiting response... 200 OK
Length: unspecified [text/plain]
Saving to: ‘kegg/axe.txt’

     0K .......... .......... .......... .......... .......... 77.0K
    50K .......... .......... .......... .......... ..........  154K
   100K .......... .......... .......... .......... ..........  309K
   150K .......... .......... .......... .......... ..........  309K
   200K .......... .......... .......... .......... .......... 56.1M
   250K .......... .......... ........                          177K=1.5s

2024-02-01 08:59:15 (191 KB/s) - ‘kegg/axe.txt’ saved [285317]

--2024-02-01 10:36:42--  https://rest.kegg.jp/list/ahz
Resolving rest.kegg.jp (rest.kegg.jp)... 133.103.200.27
Connecting to rest.kegg.jp (rest.kegg.jp)|133.103.200.27|:443... connected.
HTTP request sent, awaiting response... 200 OK
Length: unspecified [text/plain]
Saving to: ‘kegg/ahz.txt’

     0K .......... .......... .......... .......... .......... 79.2K
    50K .......... .......... .......... .......... ..........  317K
   100K .......... .......... .......... .......... ..........  317K
   150K .......... .......... .......... .......... ..........  210K
   200K .......... ......                                       110M=1.2s

2024-02-01 10:36:44 (183 KB/s) - ‘kegg/ahz.txt’ saved [222008]

--2024-02-01 11:51:30--  https://rest.kegg.jp/list/alm
Resolving rest.kegg.jp (rest.kegg.jp)... 133.103.200.27
Connecting to rest.kegg.jp (rest.kegg.jp)|133.103.200.27|:443... connected.
HTTP request sent, awaiting response... 200 OK
Length: unspecified [text/plain]
Saving to: ‘kegg/alm.txt’

     0K .......... .......... .......... .......... ..........  103K
    50K .......... .......... .......... .......... ..........  154K
   100K .......... .......... .......... .......... ..........  308K
   150K .......... .......... .......... .......... .......... 73.9M
   200K .......... .......... ...                               144K=1.1s

2024-02-01 11:51:32 (197 KB/s) - ‘kegg/alm.txt’ saved [228553]

--2024-02-01 13:08:20--  https://rest.kegg.jp/list/adn
Resolving rest.kegg.jp (rest.kegg.jp)... 133.103.200.27
Connecting to rest.kegg.jp (rest.kegg.jp)|133.103.200.27|:443... connected.
HTTP request sent, awaiting response... 200 OK
Length: unspecified [text/plain]
Saving to: ‘kegg/adn.txt’

     0K .......... .......... .......... .......... .......... 77.0K
    50K .......... .......... .......... .......... ..........  154K
   100K .......... .......... .......... .......... ..........  308K
   150K .......... .......... .......... .......... ..........  154K
   200K .......... .......... .......... .......... ..........  309K
   250K .......... .......... .......... .......... .......... 53.7M
   300K .......... .......... .......... ........               236K=1.8s

2024-02-01 13:08:23 (189 KB/s) - ‘kegg/adn.txt’ saved [346274]

--2024-02-01 14:53:49--  https://rest.kegg.jp/list/adk
Resolving rest.kegg.jp (rest.kegg.jp)... 133.103.200.27
Connecting to rest.kegg.jp (rest.kegg.jp)|133.103.200.27|:443... connected.
HTTP request sent, awaiting response... 200 OK
Length: unspecified [text/plain]
Saving to: ‘kegg/adk.txt’

     0K .......... .......... .......... .......... ..........  105K
    50K .......... .......... .......... .......... ..........  159K
   100K .......... .......... .......... .......... ..........  318K
   150K .......... .......... .......... .......... ..........  318K
   200K .......... .......... .......... .......... ..........  599K
   250K .......... .......... .......... .......... ..........  669K
   300K .......... .......... .......... .......... ..........  318K
   350K ......                                                  116M=1.4s

2024-02-01 14:53:51 (251 KB/s) - ‘kegg/adk.txt’ saved [365216]

--2024-02-01 16:43:38--  https://rest.kegg.jp/list/aac
Resolving rest.kegg.jp (rest.kegg.jp)... 133.103.200.27
Connecting to rest.kegg.jp (rest.kegg.jp)|133.103.200.27|:443... connected.
HTTP request sent, awaiting response... 200 OK
Length: unspecified [text/plain]
Saving to: ‘kegg/aac.txt’

     0K .......... .......... .......... .......... ..........  106K
    50K .......... .......... .......... .......... ..........  159K
   100K .......... .......... .......... .......... ..........  318K
   150K .......... .......... .......... .......... ..........  317K
   200K .......... .......... ....                              164M=1.1s

2024-02-01 16:43:40 (203 KB/s) - ‘kegg/aac.txt’ saved [230030]

--2024-02-01 17:56:07--  https://rest.kegg.jp/list/aad
Resolving rest.kegg.jp (rest.kegg.jp)... 133.103.200.27
Connecting to rest.kegg.jp (rest.kegg.jp)|133.103.200.27|:443... connected.
HTTP request sent, awaiting response... 200 OK
Length: unspecified [text/plain]
Saving to: ‘kegg/aad.txt’

     0K .......... .......... .......... .......... .......... 77.1K
    50K .......... .......... .......... .......... ..........  308K
   100K .......... .......... .......... .......... ..........  309K
   150K .......... .......... .......... .......... ..........  308K
   200K .......... .......... .......... ......                 149M=1.1s

2024-02-01 17:56:09 (209 KB/s) - ‘kegg/aad.txt’ saved [242430]

--2024-02-01 19:09:54--  https://rest.kegg.jp/list/vfi
Resolving rest.kegg.jp (rest.kegg.jp)... 133.103.200.27
Connecting to rest.kegg.jp (rest.kegg.jp)|133.103.200.27|:443... connected.
HTTP request sent, awaiting response... 200 OK
Length: unspecified [text/plain]
Saving to: ‘kegg/vfi.txt’

     0K .......... .......... .......... .......... .......... 79.1K
    50K .......... .......... .......... .......... ..........  317K
   100K .......... .......... .......... .......... ..........  317K
   150K .......... .......... .......... .......... ..........  317K
   200K .......... .......... .......... .......... ..........  318K
   250K .......... .......... .......... .......... ..........  317K
   300K                                                        1.49T=1.4s

2024-02-01 19:09:57 (212 KB/s) - ‘kegg/vfi.txt’ saved [308021]

--2024-02-01 20:39:13--  https://rest.kegg.jp/list/vsa
Resolving rest.kegg.jp (rest.kegg.jp)... 133.103.200.27
Connecting to rest.kegg.jp (rest.kegg.jp)|133.103.200.27|:443... connected.
HTTP request sent, awaiting response... 200 OK
Length: unspecified [text/plain]
Saving to: ‘kegg/vsa.txt’

     0K .......... .......... .......... .......... .......... 94.2K
    50K .......... .......... .......... .......... ..........  177K
   100K .......... .......... .......... .......... ..........  308K
   150K .......... .......... .......... .......... ..........  202K
   200K .......... .......... .......... .......... ..........  309K
   250K .......... .......... .......... .......... ..........  649K
   300K .......... .......... .......                           327K=1.5s

2024-02-01 20:39:15 (212 KB/s) - ‘kegg/vsa.txt’ saved [335673]

--2024-02-01 22:18:50--  https://rest.kegg.jp/list/awd
Resolving rest.kegg.jp (rest.kegg.jp)... 133.103.200.27
Connecting to rest.kegg.jp (rest.kegg.jp)|133.103.200.27|:443... connected.
HTTP request sent, awaiting response... 200 OK
Length: unspecified [text/plain]
Saving to: ‘kegg/awd.txt’

     0K .......... .......... .......... .......... .......... 76.9K
    50K .......... .......... .......... .......... ..........  154K
   100K .......... .......... .......... .......... ..........  309K
   150K .......... .......... .......... .......... ..........  307K
   200K .......... .......... .......... .......... .......... 1.15M
   250K .......... .......... .......... .......... ..........  414K
   300K .......... .......... .......... ..                     204K=1.6s

2024-02-01 22:18:52 (205 KB/s) - ‘kegg/awd.txt’ saved [340857]

--2024-02-01 23:54:36--  https://rest.kegg.jp/list/afd
Resolving rest.kegg.jp (rest.kegg.jp)... 133.103.200.27
Connecting to rest.kegg.jp (rest.kegg.jp)|133.103.200.27|:443... connected.
HTTP request sent, awaiting response... 200 OK
Length: unspecified [text/plain]
Saving to: ‘kegg/afd.txt’

     0K .......... .......... .......... .......... ..........  103K
    50K .......... .......... .......... .......... ..........  246K
   100K .......... .......... .......... .......... ..........  414K
   150K .......... .......... .......... .......... ..........  308K
   200K .......... .......... ........                          680K=1.0s

2024-02-01 23:54:38 (225 KB/s) - ‘kegg/afd.txt’ saved [233719]

--2024-02-02 01:08:25--  https://rest.kegg.jp/list/ash
Resolving rest.kegg.jp (rest.kegg.jp)... 133.103.200.27
Connecting to rest.kegg.jp (rest.kegg.jp)|133.103.200.27|:443... connected.
HTTP request sent, awaiting response... 200 OK
Length: unspecified [text/plain]
Saving to: ‘kegg/ash.txt’

     0K .......... .......... .......... .......... .......... 77.0K
    50K .......... .......... .......... .......... ..........  308K
   100K .......... .......... .......... .......... ..........  309K
   150K .......... .......... .......... ......                 227K=1.1s

2024-02-02 01:08:27 (165 KB/s) - ‘kegg/ash.txt’ saved [191230]

--2024-02-02 02:06:56--  https://rest.kegg.jp/list/aeh
Resolving rest.kegg.jp (rest.kegg.jp)... 133.103.200.27
Connecting to rest.kegg.jp (rest.kegg.jp)|133.103.200.27|:443... connected.
HTTP request sent, awaiting response... 200 OK
Length: unspecified [text/plain]
Saving to: ‘kegg/aeh.txt’

     0K .......... .......... .......... .......... ..........  103K
    50K .......... .......... .......... .......... ..........  155K
   100K .......... .......... .......... .......... .......... 53.6M
   150K .......... .......... .......... .......... ..........  244K
   200K .........                                               155M=1.0s

2024-02-02 02:06:58 (206 KB/s) - ‘kegg/aeh.txt’ saved [214546]

--2024-02-02 03:12:46--  https://rest.kegg.jp/list/amt
Resolving rest.kegg.jp (rest.kegg.jp)... 133.103.200.27
Connecting to rest.kegg.jp (rest.kegg.jp)|133.103.200.27|:443... connected.
HTTP request sent, awaiting response... 200 OK
Length: unspecified [text/plain]
Saving to: ‘kegg/amt.txt’

     0K .......... .......... .......... .......... ..........  106K
    50K .......... .......... .......... .......... ..........  159K
   100K .......... .......... .......... .......... ..........  317K
   150K .......... .......... .......... .......... ..........  318K
   200K .......... .......... .......... .......... ..........  317K
   250K .......... .......... .......... .......... ..........  318K
   300K .......... .......... .......... .......... ......      547K=1.5s

2024-02-02 03:12:48 (230 KB/s) - ‘kegg/amt.txt’ saved [354723]

